<?xml version="1.0" encoding="UTF-8"?>
<!-- Generated by org.testng.reporters.JUnitReportReporter -->
<testsuite hostname="LAPTOP-NV4HSA23" failures="0" tests="4" name="MP.ApplicationRegistration" time="64.757" errors="0" timestamp="2024-11-19T18:31:07 IST" skipped="0">
  <testcase classname="MP.ApplicationRegistration" name="Login" time="6.413"/>
  <system-out/>
  <testcase classname="MP.ApplicationRegistration" name="ApplicationDraft" time="52.132"/>
  <system-out/>
  <testcase classname="MP.ApplicationRegistration" name="ApplicationDraft" time="3.115"/>
  <system-out/>
  <testcase classname="MP.ApplicationRegistration" name="ApplicationDraft" time="3.097"/>
  <system-out/>
</testsuite> <!-- MP.ApplicationRegistration -->
