<?xml version="1.0" encoding="UTF-8"?>
<!-- Generated by org.testng.reporters.JUnitReportReporter -->
<testsuite hostname="LAPTOP-NV4HSA23" failures="0" tests="2" name="testcases.ApplicationCreation" time="27.218" errors="0" timestamp="2024-11-19T18:50:23 IST" skipped="0">
  <testcase classname="testcases.ApplicationCreation" name="Login" time="6.410"/>
  <system-out/>
  <testcase classname="testcases.ApplicationCreation" name="AppCreation" time="20.808"/>
  <system-out/>
</testsuite> <!-- testcases.ApplicationCreation -->
